<?xml version="1.0" encoding="UTF-8"?>
<!-- Generated by org.testng.reporters.JUnitReportReporter -->
<testsuite hostname="TWVEN2-LAP-161" name="TestScripts.Suppliers" tests="1" failures="0" timestamp="28 Jun 2019 08:15:31 GMT" time="48.819" errors="0">
  <testcase name="AddNewSupplier" time="48.819" classname="TestScripts.Suppliers"/>
</testsuite> <!-- TestScripts.Suppliers -->
