<?xml version="1.0" encoding="UTF-8"?>
<!-- Generated by org.testng.reporters.JUnitReportReporter -->
<testsuite hostname="TWVEN2-LAP-161" name="Littleword.Littleword.Company" tests="1" failures="0" timestamp="27 Jun 2019 12:18:38 GMT" time="19.209" errors="0">
  <testcase name="AddNewCompany" time="19.209" classname="Littleword.Littleword.Company"/>
</testsuite> <!-- Littleword.Littleword.Company -->
