<?xml version="1.0" encoding="UTF-8"?>
<!-- Generated by org.testng.reporters.JUnitReportReporter -->
<testsuite hostname="TWVEN2-LAP-161" name="TestScripts.Company" tests="1" failures="0" timestamp="28 Jun 2019 10:03:51 GMT" time="18.729" errors="0">
  <testcase name="PriceMatrix" time="18.729" classname="TestScripts.Company"/>
</testsuite> <!-- TestScripts.Company -->
