<?xml version="1.0" encoding="UTF-8"?>
<!-- Generated by org.testng.reporters.JUnitReportReporter -->
<testsuite hostname="TWVEN2-LAP-161" name="TestScripts.PriceMatrix" tests="1" failures="0" timestamp="28 Jun 2019 10:29:54 GMT" time="16.782" errors="0">
  <testcase name="AddPriceMatrix" time="16.782" classname="TestScripts.PriceMatrix"/>
</testsuite> <!-- TestScripts.PriceMatrix -->
