<?xml version="1.0" encoding="UTF-8"?>
<!-- Generated by org.testng.reporters.JUnitReportReporter -->
<testsuite hostname="TWVEN2-LAP-161" name="TestScripts.Employees" tests="1" failures="0" timestamp="27 Jun 2019 13:51:46 GMT" time="43.758" errors="0">
  <testcase name="AddNewEmployee" time="43.758" classname="TestScripts.Employees"/>
</testsuite> <!-- TestScripts.Employees -->
