<?xml version="1.0" encoding="UTF-8"?>
<!-- Generated by org.testng.reporters.JUnitReportReporter -->
<testsuite hostname="TWVEN2-LAP-161" name="TestScripts.InterpretingPriceMatrices" tests="1" failures="0" timestamp="28 Jun 2019 11:40:33 GMT" time="53.063" errors="0">
  <testcase name="AddPriceMatrix" time="53.063" classname="TestScripts.InterpretingPriceMatrices"/>
</testsuite> <!-- TestScripts.InterpretingPriceMatrices -->
